[2020-03-27 19:03:24] local.ERROR: InvalidArgumentException: View [mail] not found. in C:\WorkSpace\Bohdan_Projects\Performance Management System\Source\pms\vendor\laravel\framework\src\Illuminate\View\FileViewFinder.php:137
Stack trace:
#0 C:\WorkSpace\Bohdan_Projects\Performance Management System\Source\pms\vendor\laravel\framework\src\Illuminate\View\FileViewFinder.php(79): Illuminate\View\FileViewFinder->findInPaths('mail', Array)
#1 C:\WorkSpace\Bohdan_Projects\Performance Management System\Source\pms\vendor\laravel\framework\src\Illuminate\View\Factory.php(174): Illuminate\View\FileViewFinder->find('mail')
#2 C:\WorkSpace\Bohdan_Projects\Performance Management System\Source\pms\vendor\laravel\framework\src\Illuminate\Mail\Mailer.php(458): Illuminate\View\Factory->make('mail', Array)
#3 C:\WorkSpace\Bohdan_Projects\Performance Management System\Source\pms\vendor\laravel\framework\src\Illuminate\Mail\Mailer.php(331): Illuminate\Mail\Mailer->getView('mail', Array)
#4 C:\WorkSpace\Bohdan_Projects\Performance Management System\Source\pms\vendor\laravel\framework\src\Illuminate\Mail\Mailer.php(205): Illuminate\Mail\Mailer->addContent(Object(Illuminate\Mail\Message), 'mail', NULL, NULL, Array)
#5 C:\WorkSpace\Bohdan_Projects\Performance Management System\Source\pms\vendor\laravel\framework\src\Illuminate\Support\Facades\Facade.php(237): Illuminate\Mail\Mailer->send('mail', Array, Object(Closure))
#6 C:\WorkSpace\Bohdan_Projects\Performance Management System\Source\pms\app\Http\Controllers\MailController.php(26): Illuminate\Support\Facades\Facade::__callStatic('send', Array)
#7 C:\WorkSpace\Bohdan_Projects\Performance Management System\Source\pms\app\Http\Controllers\SuperAdmin\ProfileController.php(106): App\Http\Controllers\MailController::send_email_newClient(53, '123')
#8 [internal function]: App\Http\Controllers\SuperAdmin\ProfileController->insert(Object(Illuminate\Http\Request))
#9 C:\WorkSpace\Bohdan_Projects\Performance Management System\Source\pms\vendor\laravel\framework\src\Illuminate\Routing\Controller.php(55): call_user_func_array(Array, Array)
#10 C:\WorkSpace\Bohdan_Projects\Performance Management System\Source\pms\vendor\laravel\framework\src\Illuminate\Routing\ControllerDispatcher.php(44): Illuminate\Routing\Controller->callAction('insert', Array)
#11 C:\WorkSpace\Bohdan_Projects\Performance Management System\Source\pms\vendor\laravel\framework\src\Illuminate\Routing\Route.php(189): Illuminate\Routing\ControllerDispatcher->dispatch(Object(Illuminate\Routing\Route), Object(App\Http\Controllers\SuperAdmin\ProfileController), 'insert')
#12 C:\WorkSpace\Bohdan_Projects\Performance Management System\Source\pms\vendor\laravel\framework\src\Illuminate\Routing\Route.php(144): Illuminate\Routing\Route->runController()
#13 C:\WorkSpace\Bohdan_Projects\Performance Management System\Source\pms\vendor\laravel\framework\src\Illuminate\Routing\Router.php(653): Illuminate\Routing\Route->run(Object(Illuminate\Http\Request))
#14 C:\WorkSpace\Bohdan_Projects\Performance Management System\Source\pms\vendor\laravel\framework\src\Illuminate\Routing\Pipeline.php(53): Illuminate\Routing\Router->Illuminate\Routing\{closure}(Object(Illuminate\Http\Request))
#15 C:\WorkSpace\Bohdan_Projects\Performance Management System\Source\pms\vendor\laravel\framework\src\Illuminate\Routing\Middleware\SubstituteBindings.php(41): Illuminate\Routing\Pipeline->Illuminate\Routing\{closure}(Object(Illuminate\Http\Request))
#16 C:\WorkSpace\Bohdan_Projects\Performance Management System\Source\pms\vendor\laravel\framework\src\Illuminate\Pipeline\Pipeline.php(137): Illuminate\Routing\Middleware\SubstituteBindings->handle(Object(Illuminate\Http\Request), Object(Closure))
#17 C:\WorkSpace\Bohdan_Projects\Performance Management System\Source\pms\vendor\laravel\framework\src\Illuminate\Routing\Pipeline.php(33): Illuminate\Pipeline\Pipeline->Illuminate\Pipeline\{closure}(Object(Illuminate\Http\Request))
#18 C:\WorkSpace\Bohdan_Projects\Performance Management System\Source\pms\vendor\laravel\framework\src\Illuminate\View\Middleware\ShareErrorsFromSession.php(49): Illuminate\Routing\Pipeline->Illuminate\Routing\{closure}(Object(Illuminate\Http\Request))
#19 C:\WorkSpace\Bohdan_Projects\Performance Management System\Source\pms\vendor\laravel\framework\src\Illuminate\Pipeline\Pipeline.php(137): Illuminate\View\Middleware\ShareErrorsFromSession->handle(Object(Illuminate\Http\Request), Object(Closure))
#20 C:\WorkSpace\Bohdan_Projects\Performance Management System\Source\pms\vendor\laravel\framework\src\Illuminate\Routing\Pipeline.php(33): Illuminate\Pipeline\Pipeline->Illuminate\Pipeline\{closure}(Object(Illuminate\Http\Request))
#21 C:\WorkSpace\Bohdan_Projects\Performance Management System\Source\pms\vendor\laravel\framework\src\Illuminate\Session\Middleware\StartSession.php(64): Illuminate\Routing\Pipeline->Illuminate\Routing\{closure}(Object(Illuminate\Http\Request))
#22 C:\WorkSpace\Bohdan_Projects\Performance Management System\Source\pms\vendor\laravel\framework\src\Illuminate\Pipeline\Pipeline.php(137): Illuminate\Session\Middleware\StartSession->handle(Object(Illuminate\Http\Request), Object(Closure))
#23 C:\WorkSpace\Bohdan_Projects\Performance Management System\Source\pms\vendor\laravel\framework\src\Illuminate\Routing\Pipeline.php(33): Illuminate\Pipeline\Pipeline->Illuminate\Pipeline\{closure}(Object(Illuminate\Http\Request))
#24 C:\WorkSpace\Bohdan_Projects\Performance Management System\Source\pms\vendor\laravel\framework\src\Illuminate\Cookie\Middleware\AddQueuedCookiesToResponse.php(37): Illuminate\Routing\Pipeline->Illuminate\Routing\{closure}(Object(Illuminate\Http\Request))
#25 C:\WorkSpace\Bohdan_Projects\Performance Management System\Source\pms\vendor\laravel\framework\src\Illuminate\Pipeline\Pipeline.php(137): Illuminate\Cookie\Middleware\AddQueuedCookiesToResponse->handle(Object(Illuminate\Http\Request), Object(Closure))
#26 C:\WorkSpace\Bohdan_Projects\Performance Management System\Source\pms\vendor\laravel\framework\src\Illuminate\Routing\Pipeline.php(33): Illuminate\Pipeline\Pipeline->Illuminate\Pipeline\{closure}(Object(Illuminate\Http\Request))
#27 C:\WorkSpace\Bohdan_Projects\Performance Management System\Source\pms\vendor\laravel\framework\src\Illuminate\Cookie\Middleware\EncryptCookies.php(59): Illuminate\Routing\Pipeline->Illuminate\Routing\{closure}(Object(Illuminate\Http\Request))
#28 C:\WorkSpace\Bohdan_Projects\Performance Management System\Source\pms\vendor\laravel\framework\src\Illuminate\Pipeline\Pipeline.php(137): Illuminate\Cookie\Middleware\EncryptCookies->handle(Object(Illuminate\Http\Request), Object(Closure))
#29 C:\WorkSpace\Bohdan_Projects\Performance Management System\Source\pms\vendor\laravel\framework\src\Illuminate\Routing\Pipeline.php(33): Illuminate\Pipeline\Pipeline->Illuminate\Pipeline\{closure}(Object(Illuminate\Http\Request))
#30 C:\WorkSpace\Bohdan_Projects\Performance Management System\Source\pms\vendor\laravel\framework\src\Illuminate\Pipeline\Pipeline.php(104): Illuminate\Routing\Pipeline->Illuminate\Routing\{closure}(Object(Illuminate\Http\Request))
#31 C:\WorkSpace\Bohdan_Projects\Performance Management System\Source\pms\vendor\laravel\framework\src\Illuminate\Routing\Router.php(655): Illuminate\Pipeline\Pipeline->then(Object(Closure))
#32 C:\WorkSpace\Bohdan_Projects\Performance Management System\Source\pms\vendor\laravel\framework\src\Illuminate\Routing\Router.php(629): Illuminate\Routing\Router->runRouteWithinStack(Object(Illuminate\Routing\Route), Object(Illuminate\Http\Request))
#33 C:\WorkSpace\Bohdan_Projects\Performance Management System\Source\pms\vendor\laravel\framework\src\Illuminate\Routing\Router.php(607): Illuminate\Routing\Router->dispatchToRoute(Object(Illuminate\Http\Request))
#34 C:\WorkSpace\Bohdan_Projects\Performance Management System\Source\pms\vendor\laravel\framework\src\Illuminate\Foundation\Http\Kernel.php(268): Illuminate\Routing\Router->dispatch(Object(Illuminate\Http\Request))
#35 C:\WorkSpace\Bohdan_Projects\Performance Management System\Source\pms\vendor\laravel\framework\src\Illuminate\Routing\Pipeline.php(53): Illuminate\Foundation\Http\Kernel->Illuminate\Foundation\Http\{closure}(Object(Illuminate\Http\Request))
#36 C:\WorkSpace\Bohdan_Projects\Performance Management System\Source\pms\vendor\laravel\framework\src\Illuminate\Foundation\Http\Middleware\CheckForMaintenanceMode.php(46): Illuminate\Routing\Pipeline->Illuminate\Routing\{closure}(Object(Illuminate\Http\Request))
#37 C:\WorkSpace\Bohdan_Projects\Performance Management System\Source\pms\vendor\laravel\framework\src\Illuminate\Pipeline\Pipeline.php(137): Illuminate\Foundation\Http\Middleware\CheckForMaintenanceMode->handle(Object(Illuminate\Http\Request), Object(Closure))
#38 C:\WorkSpace\Bohdan_Projects\Performance Management System\Source\pms\vendor\laravel\framework\src\Illuminate\Routing\Pipeline.php(33): Illuminate\Pipeline\Pipeline->Illuminate\Pipeline\{closure}(Object(Illuminate\Http\Request))
#39 C:\WorkSpace\Bohdan_Projects\Performance Management System\Source\pms\vendor\laravel\framework\src\Illuminate\Pipeline\Pipeline.php(104): Illuminate\Routing\Pipeline->Illuminate\Routing\{closure}(Object(Illuminate\Http\Request))
#40 C:\WorkSpace\Bohdan_Projects\Performance Management System\Source\pms\vendor\laravel\framework\src\Illuminate\Foundation\Http\Kernel.php(150): Illuminate\Pipeline\Pipeline->then(Object(Closure))
#41 C:\WorkSpace\Bohdan_Projects\Performance Management System\Source\pms\vendor\laravel\framework\src\Illuminate\Foundation\Http\Kernel.php(117): Illuminate\Foundation\Http\Kernel->sendRequestThroughRouter(Object(Illuminate\Http\Request))
#42 C:\WorkSpace\Bohdan_Projects\Performance Management System\Source\pms\public\index.php(53): Illuminate\Foundation\Http\Kernel->handle(Object(Illuminate\Http\Request))
#43 C:\WorkSpace\Bohdan_Projects\Performance Management System\Source\pms\server.php(21): require_once('C:\\WorkSpace\\Bo...')
#44 {main}  
[2020-03-27 20:48:39] local.ERROR: Symfony\Component\Console\Exception\CommandNotFoundException: There are no commands defined in the "clear" namespace. in C:\WorkSpace\Bohdan_Projects\Performance Management System\Source\pms\vendor\symfony\console\Application.php:488
Stack trace:
#0 C:\WorkSpace\Bohdan_Projects\Performance Management System\Source\pms\vendor\symfony\console\Application.php(520): Symfony\Component\Console\Application->findNamespace('clear')
#1 C:\WorkSpace\Bohdan_Projects\Performance Management System\Source\pms\vendor\symfony\console\Application.php(182): Symfony\Component\Console\Application->find('clear:cache')
#2 C:\WorkSpace\Bohdan_Projects\Performance Management System\Source\pms\vendor\symfony\console\Application.php(116): Symfony\Component\Console\Application->doRun(Object(Symfony\Component\Console\Input\ArgvInput), Object(Symfony\Component\Console\Output\ConsoleOutput))
#3 C:\WorkSpace\Bohdan_Projects\Performance Management System\Source\pms\vendor\laravel\framework\src\Illuminate\Foundation\Console\Kernel.php(121): Symfony\Component\Console\Application->run(Object(Symfony\Component\Console\Input\ArgvInput), Object(Symfony\Component\Console\Output\ConsoleOutput))
#4 C:\WorkSpace\Bohdan_Projects\Performance Management System\Source\pms\artisan(35): Illuminate\Foundation\Console\Kernel->handle(Object(Symfony\Component\Console\Input\ArgvInput), Object(Symfony\Component\Console\Output\ConsoleOutput))
#5 {main}  
